none
Info : only one transport option; autoselecting 'jtag'
Info : esp_usb_jtag: VID set to 0x303a and PID to 0x1001
Info : esp_usb_jtag: capabilities descriptor set to 0x2000
Info : Listening on port 6666 for tcl connections
Info : Listening on port 4444 for telnet connections
Info : esp_usb_jtag: serial (F0:9E:9E:11:54:04)
Info : esp_usb_jtag: Device found. Base speed 40000KHz, div range 1 to 255
Info : clock speed 40000 kHz
Info : JTAG tap: esp32s3.tap0 tap/device found: 0x120034e5 (mfg: 0x272 (Tensilica), part: 0x2003, ver: 0x1)
Info : JTAG tap: esp32s3.tap1 tap/device found: 0x120034e5 (mfg: 0x272 (Tensilica), part: 0x2003, ver: 0x1)
Info : [esp32s3.cpu0] Examination succeed
Info : [esp32s3.cpu1] Examination succeed
Info : [esp32s3.cpu0] starting gdb server on 3333
Info : Listening on port 3333 for gdb connections
Info : [esp32s3.cpu0] Target halted, PC=0x4200A768, debug_reason=00000000
Info : [esp32s3.cpu0] Reset cause (21) - (USB UART reset)
Info : [esp32s3.cpu1] Target halted, PC=0x40378922, debug_reason=00000000
Info : [esp32s3.cpu1] Reset cause (21) - (USB UART reset)
shutdown command invoked
